The system is: Darwin - 22.2.0 - arm64
Compiling the C compiler identification source file "CMakeCCompilerId.c" succeeded.
Compiler: /opt/homebrew/opt/llvm/bin/clang 
Build flags: 
Id flags:  

The output was:
0


Compilation of the C compiler identification source "CMakeCCompilerId.c" produced "a.out"

The C compiler identification is Clang, found in "/Users/zuoyifei/Documents/Dev/CMinus/tinyc/build/CMakeFiles/3.25.1/CompilerIdC/a.out"

Compiling the CXX compiler identification source file "CMakeCXXCompilerId.cpp" succeeded.
Compiler: /opt/homebrew/opt/llvm/bin/clang++ 
Build flags: 
Id flags:  

The output was:
0


Compilation of the CXX compiler identification source "CMakeCXXCompilerId.cpp" produced "a.out"

The CXX compiler identification is Clang, found in "/Users/zuoyifei/Documents/Dev/CMinus/tinyc/build/CMakeFiles/3.25.1/CompilerIdCXX/a.out"

Detecting C compiler ABI info compiled with the following output:
Change Dir: /Users/zuoyifei/Documents/Dev/CMinus/tinyc/build/CMakeFiles/CMakeScratch/TryCompile-pxGGVF

Run Build Command(s):/usr/bin/make -f Makefile cmTC_2165b/fast && /Applications/Xcode.app/Contents/Developer/usr/bin/make  -f CMakeFiles/cmTC_2165b.dir/build.make CMakeFiles/cmTC_2165b.dir/build
Building C object CMakeFiles/cmTC_2165b.dir/CMakeCCompilerABI.c.o
/opt/homebrew/opt/llvm/bin/clang   -arch arm64 -isysroot /Applications/Xcode.app/Contents/Developer/Platforms/MacOSX.platform/Developer/SDKs/MacOSX13.1.sdk   -v -Wl,-v -MD -MT CMakeFiles/cmTC_2165b.dir/CMakeCCompilerABI.c.o -MF CMakeFiles/cmTC_2165b.dir/CMakeCCompilerABI.c.o.d -o CMakeFiles/cmTC_2165b.dir/CMakeCCompilerABI.c.o -c /opt/homebrew/Cellar/cmake/3.25.1/share/cmake/Modules/CMakeCCompilerABI.c
Homebrew clang version 15.0.6
Target: arm64-apple-darwin22.2.0
Thread model: posix
InstalledDir: /opt/homebrew/opt/llvm/bin
clang-15: warning: -Wl,-v: 'linker' input unused [-Wunused-command-line-argument]
 (in-process)
 "/opt/homebrew/Cellar/llvm/15.0.6/bin/clang-15" -cc1 -triple arm64-apple-macosx13.0.0 -Wundef-prefix=TARGET_OS_ -Werror=undef-prefix -Wdeprecated-objc-isa-usage -Werror=deprecated-objc-isa-usage -emit-obj -mrelax-all --mrelax-relocations -disable-free -clear-ast-before-backend -disable-llvm-verifier -discard-value-names -main-file-name CMakeCCompilerABI.c -mrelocation-model pic -pic-level 2 -mframe-pointer=non-leaf -ffp-contract=on -fno-rounding-math -funwind-tables=2 -target-sdk-version=13.1 -fcompatibility-qualified-id-block-type-checking -fvisibility-inlines-hidden-static-local-var -target-cpu apple-m1 -target-feature +v8.5a -target-feature +crc -target-feature +lse -target-feature +rdm -target-feature +crypto -target-feature +dotprod -target-feature +fp-armv8 -target-feature +neon -target-feature +fp16fml -target-feature +ras -target-feature +rcpc -target-feature +zcm -target-feature +zcz -target-feature +fullfp16 -target-feature +sm4 -target-feature +sha3 -target-feature +sha2 -target-feature +aes -target-abi darwinpcs -fallow-half-arguments-and-returns -mllvm -treat-scalable-fixed-error-as-warning -debugger-tuning=lldb -target-linker-version 820.1 -v -fcoverage-compilation-dir=/Users/zuoyifei/Documents/Dev/CMinus/tinyc/build/CMakeFiles/CMakeScratch/TryCompile-pxGGVF -resource-dir /opt/homebrew/Cellar/llvm/15.0.6/lib/clang/15.0.6 -dependency-file CMakeFiles/cmTC_2165b.dir/CMakeCCompilerABI.c.o.d -MT CMakeFiles/cmTC_2165b.dir/CMakeCCompilerABI.c.o -sys-header-deps -isysroot /Applications/Xcode.app/Contents/Developer/Platforms/MacOSX.platform/Developer/SDKs/MacOSX13.1.sdk -internal-isystem /Applications/Xcode.app/Contents/Developer/Platforms/MacOSX.platform/Developer/SDKs/MacOSX13.1.sdk/usr/local/include -internal-isystem /opt/homebrew/Cellar/llvm/15.0.6/lib/clang/15.0.6/include -internal-externc-isystem /Applications/Xcode.app/Contents/Developer/Platforms/MacOSX.platform/Developer/SDKs/MacOSX13.1.sdk/usr/include -fdebug-compilation-dir=/Users/zuoyifei/Documents/Dev/CMinus/tinyc/build/CMakeFiles/CMakeScratch/TryCompile-pxGGVF -ferror-limit 19 -stack-protector 1 -fblocks -fencode-extended-block-signature -fregister-global-dtors-with-atexit -fgnuc-version=4.2.1 -fmax-type-align=16 -D__GCC_HAVE_DWARF2_CFI_ASM=1 -o CMakeFiles/cmTC_2165b.dir/CMakeCCompilerABI.c.o -x c /opt/homebrew/Cellar/cmake/3.25.1/share/cmake/Modules/CMakeCCompilerABI.c
clang -cc1 version 15.0.6 based upon LLVM 15.0.6 default target arm64-apple-darwin22.2.0
ignoring nonexistent directory "/Applications/Xcode.app/Contents/Developer/Platforms/MacOSX.platform/Developer/SDKs/MacOSX13.1.sdk/usr/local/include"
ignoring nonexistent directory "/Applications/Xcode.app/Contents/Developer/Platforms/MacOSX.platform/Developer/SDKs/MacOSX13.1.sdk/Library/Frameworks"
#include "..." search starts here:
#include <...> search starts here:
 /opt/homebrew/Cellar/llvm/15.0.6/lib/clang/15.0.6/include
 /Applications/Xcode.app/Contents/Developer/Platforms/MacOSX.platform/Developer/SDKs/MacOSX13.1.sdk/usr/include
 /Applications/Xcode.app/Contents/Developer/Platforms/MacOSX.platform/Developer/SDKs/MacOSX13.1.sdk/System/Library/Frameworks (framework directory)
End of search list.
Linking C executable cmTC_2165b
/opt/homebrew/Cellar/cmake/3.25.1/bin/cmake -E cmake_link_script CMakeFiles/cmTC_2165b.dir/link.txt --verbose=1
/opt/homebrew/opt/llvm/bin/clang  -arch arm64 -isysroot /Applications/Xcode.app/Contents/Developer/Platforms/MacOSX.platform/Developer/SDKs/MacOSX13.1.sdk -Wl,-search_paths_first -Wl,-headerpad_max_install_names  -v -Wl,-v CMakeFiles/cmTC_2165b.dir/CMakeCCompilerABI.c.o -o cmTC_2165b 
Homebrew clang version 15.0.6
Target: arm64-apple-darwin22.2.0
Thread model: posix
InstalledDir: /opt/homebrew/opt/llvm/bin
 "/usr/bin/ld" -demangle -lto_library /opt/homebrew/Cellar/llvm/15.0.6/lib/libLTO.dylib -dynamic -arch arm64 -platform_version macos 13.0.0 13.1 -syslibroot /Library/Developer/CommandLineTools/SDKs/MacOSX13.sdk -o cmTC_2165b -search_paths_first -headerpad_max_install_names -v CMakeFiles/cmTC_2165b.dir/CMakeCCompilerABI.c.o -lSystem /opt/homebrew/Cellar/llvm/15.0.6/lib/clang/15.0.6/lib/darwin/libclang_rt.osx.a
@(#)PROGRAM:ld  PROJECT:ld64-820.1
BUILD 20:07:05 Nov  7 2022
configured to support archs: armv6 armv7 armv7s arm64 arm64e arm64_32 i386 x86_64 x86_64h armv6m armv7k armv7m armv7em
Library search paths:
	/Library/Developer/CommandLineTools/SDKs/MacOSX13.sdk/usr/lib
Framework search paths:
	/Library/Developer/CommandLineTools/SDKs/MacOSX13.sdk/System/Library/Frameworks/



Parsed C implicit include dir info from above output: rv=done
  found start of include info
  found start of implicit include info
    add: [/opt/homebrew/Cellar/llvm/15.0.6/lib/clang/15.0.6/include]
    add: [/Applications/Xcode.app/Contents/Developer/Platforms/MacOSX.platform/Developer/SDKs/MacOSX13.1.sdk/usr/include]
  end of search list found
  collapse include dir [/opt/homebrew/Cellar/llvm/15.0.6/lib/clang/15.0.6/include] ==> [/opt/homebrew/Cellar/llvm/15.0.6/lib/clang/15.0.6/include]
  collapse include dir [/Applications/Xcode.app/Contents/Developer/Platforms/MacOSX.platform/Developer/SDKs/MacOSX13.1.sdk/usr/include] ==> [/Applications/Xcode.app/Contents/Developer/Platforms/MacOSX.platform/Developer/SDKs/MacOSX13.1.sdk/usr/include]
  implicit include dirs: [/opt/homebrew/Cellar/llvm/15.0.6/lib/clang/15.0.6/include;/Applications/Xcode.app/Contents/Developer/Platforms/MacOSX.platform/Developer/SDKs/MacOSX13.1.sdk/usr/include]


Parsed C implicit link information from above output:
  link line regex: [^( *|.*[/\])(ld|CMAKE_LINK_STARTFILE-NOTFOUND|([^/\]+-)?ld|collect2)[^/\]*( |$)]
  ignore line: [Change Dir: /Users/zuoyifei/Documents/Dev/CMinus/tinyc/build/CMakeFiles/CMakeScratch/TryCompile-pxGGVF]
  ignore line: []
  ignore line: [Run Build Command(s):/usr/bin/make -f Makefile cmTC_2165b/fast && /Applications/Xcode.app/Contents/Developer/usr/bin/make  -f CMakeFiles/cmTC_2165b.dir/build.make CMakeFiles/cmTC_2165b.dir/build]
  ignore line: [Building C object CMakeFiles/cmTC_2165b.dir/CMakeCCompilerABI.c.o]
  ignore line: [/opt/homebrew/opt/llvm/bin/clang   -arch arm64 -isysroot /Applications/Xcode.app/Contents/Developer/Platforms/MacOSX.platform/Developer/SDKs/MacOSX13.1.sdk   -v -Wl -v -MD -MT CMakeFiles/cmTC_2165b.dir/CMakeCCompilerABI.c.o -MF CMakeFiles/cmTC_2165b.dir/CMakeCCompilerABI.c.o.d -o CMakeFiles/cmTC_2165b.dir/CMakeCCompilerABI.c.o -c /opt/homebrew/Cellar/cmake/3.25.1/share/cmake/Modules/CMakeCCompilerABI.c]
  ignore line: [Homebrew clang version 15.0.6]
  ignore line: [Target: arm64-apple-darwin22.2.0]
  ignore line: [Thread model: posix]
  ignore line: [InstalledDir: /opt/homebrew/opt/llvm/bin]
  ignore line: [clang-15: warning: -Wl -v: 'linker' input unused [-Wunused-command-line-argument]]
  ignore line: [ (in-process)]
  ignore line: [ "/opt/homebrew/Cellar/llvm/15.0.6/bin/clang-15" -cc1 -triple arm64-apple-macosx13.0.0 -Wundef-prefix=TARGET_OS_ -Werror=undef-prefix -Wdeprecated-objc-isa-usage -Werror=deprecated-objc-isa-usage -emit-obj -mrelax-all --mrelax-relocations -disable-free -clear-ast-before-backend -disable-llvm-verifier -discard-value-names -main-file-name CMakeCCompilerABI.c -mrelocation-model pic -pic-level 2 -mframe-pointer=non-leaf -ffp-contract=on -fno-rounding-math -funwind-tables=2 -target-sdk-version=13.1 -fcompatibility-qualified-id-block-type-checking -fvisibility-inlines-hidden-static-local-var -target-cpu apple-m1 -target-feature +v8.5a -target-feature +crc -target-feature +lse -target-feature +rdm -target-feature +crypto -target-feature +dotprod -target-feature +fp-armv8 -target-feature +neon -target-feature +fp16fml -target-feature +ras -target-feature +rcpc -target-feature +zcm -target-feature +zcz -target-feature +fullfp16 -target-feature +sm4 -target-feature +sha3 -target-feature +sha2 -target-feature +aes -target-abi darwinpcs -fallow-half-arguments-and-returns -mllvm -treat-scalable-fixed-error-as-warning -debugger-tuning=lldb -target-linker-version 820.1 -v -fcoverage-compilation-dir=/Users/zuoyifei/Documents/Dev/CMinus/tinyc/build/CMakeFiles/CMakeScratch/TryCompile-pxGGVF -resource-dir /opt/homebrew/Cellar/llvm/15.0.6/lib/clang/15.0.6 -dependency-file CMakeFiles/cmTC_2165b.dir/CMakeCCompilerABI.c.o.d -MT CMakeFiles/cmTC_2165b.dir/CMakeCCompilerABI.c.o -sys-header-deps -isysroot /Applications/Xcode.app/Contents/Developer/Platforms/MacOSX.platform/Developer/SDKs/MacOSX13.1.sdk -internal-isystem /Applications/Xcode.app/Contents/Developer/Platforms/MacOSX.platform/Developer/SDKs/MacOSX13.1.sdk/usr/local/include -internal-isystem /opt/homebrew/Cellar/llvm/15.0.6/lib/clang/15.0.6/include -internal-externc-isystem /Applications/Xcode.app/Contents/Developer/Platforms/MacOSX.platform/Developer/SDKs/MacOSX13.1.sdk/usr/include -fdebug-compilation-dir=/Users/zuoyifei/Documents/Dev/CMinus/tinyc/build/CMakeFiles/CMakeScratch/TryCompile-pxGGVF -ferror-limit 19 -stack-protector 1 -fblocks -fencode-extended-block-signature -fregister-global-dtors-with-atexit -fgnuc-version=4.2.1 -fmax-type-align=16 -D__GCC_HAVE_DWARF2_CFI_ASM=1 -o CMakeFiles/cmTC_2165b.dir/CMakeCCompilerABI.c.o -x c /opt/homebrew/Cellar/cmake/3.25.1/share/cmake/Modules/CMakeCCompilerABI.c]
  ignore line: [clang -cc1 version 15.0.6 based upon LLVM 15.0.6 default target arm64-apple-darwin22.2.0]
  ignore line: [ignoring nonexistent directory "/Applications/Xcode.app/Contents/Developer/Platforms/MacOSX.platform/Developer/SDKs/MacOSX13.1.sdk/usr/local/include"]
  ignore line: [ignoring nonexistent directory "/Applications/Xcode.app/Contents/Developer/Platforms/MacOSX.platform/Developer/SDKs/MacOSX13.1.sdk/Library/Frameworks"]
  ignore line: [#include "..." search starts here:]
  ignore line: [#include <...> search starts here:]
  ignore line: [ /opt/homebrew/Cellar/llvm/15.0.6/lib/clang/15.0.6/include]
  ignore line: [ /Applications/Xcode.app/Contents/Developer/Platforms/MacOSX.platform/Developer/SDKs/MacOSX13.1.sdk/usr/include]
  ignore line: [ /Applications/Xcode.app/Contents/Developer/Platforms/MacOSX.platform/Developer/SDKs/MacOSX13.1.sdk/System/Library/Frameworks (framework directory)]
  ignore line: [End of search list.]
  ignore line: [Linking C executable cmTC_2165b]
  ignore line: [/opt/homebrew/Cellar/cmake/3.25.1/bin/cmake -E cmake_link_script CMakeFiles/cmTC_2165b.dir/link.txt --verbose=1]
  ignore line: [/opt/homebrew/opt/llvm/bin/clang  -arch arm64 -isysroot /Applications/Xcode.app/Contents/Developer/Platforms/MacOSX.platform/Developer/SDKs/MacOSX13.1.sdk -Wl -search_paths_first -Wl -headerpad_max_install_names  -v -Wl -v CMakeFiles/cmTC_2165b.dir/CMakeCCompilerABI.c.o -o cmTC_2165b ]
  ignore line: [Homebrew clang version 15.0.6]
  ignore line: [Target: arm64-apple-darwin22.2.0]
  ignore line: [Thread model: posix]
  ignore line: [InstalledDir: /opt/homebrew/opt/llvm/bin]
  link line: [ "/usr/bin/ld" -demangle -lto_library /opt/homebrew/Cellar/llvm/15.0.6/lib/libLTO.dylib -dynamic -arch arm64 -platform_version macos 13.0.0 13.1 -syslibroot /Library/Developer/CommandLineTools/SDKs/MacOSX13.sdk -o cmTC_2165b -search_paths_first -headerpad_max_install_names -v CMakeFiles/cmTC_2165b.dir/CMakeCCompilerABI.c.o -lSystem /opt/homebrew/Cellar/llvm/15.0.6/lib/clang/15.0.6/lib/darwin/libclang_rt.osx.a]
    arg [/usr/bin/ld] ==> ignore
    arg [-demangle] ==> ignore
    arg [-lto_library] ==> ignore, skip following value
    arg [/opt/homebrew/Cellar/llvm/15.0.6/lib/libLTO.dylib] ==> skip value of -lto_library
    arg [-dynamic] ==> ignore
    arg [-arch] ==> ignore
    arg [arm64] ==> ignore
    arg [-platform_version] ==> ignore
    arg [macos] ==> ignore
    arg [13.0.0] ==> ignore
    arg [13.1] ==> ignore
    arg [-syslibroot] ==> ignore
    arg [/Library/Developer/CommandLineTools/SDKs/MacOSX13.sdk] ==> ignore
    arg [-o] ==> ignore
    arg [cmTC_2165b] ==> ignore
    arg [-search_paths_first] ==> ignore
    arg [-headerpad_max_install_names] ==> ignore
    arg [-v] ==> ignore
    arg [CMakeFiles/cmTC_2165b.dir/CMakeCCompilerABI.c.o] ==> ignore
    arg [-lSystem] ==> lib [System]
    arg [/opt/homebrew/Cellar/llvm/15.0.6/lib/clang/15.0.6/lib/darwin/libclang_rt.osx.a] ==> lib [/opt/homebrew/Cellar/llvm/15.0.6/lib/clang/15.0.6/lib/darwin/libclang_rt.osx.a]
  Library search paths: [;/Library/Developer/CommandLineTools/SDKs/MacOSX13.sdk/usr/lib]
  Framework search paths: [;/Library/Developer/CommandLineTools/SDKs/MacOSX13.sdk/System/Library/Frameworks/]
  remove lib [System]
  remove lib [/opt/homebrew/Cellar/llvm/15.0.6/lib/clang/15.0.6/lib/darwin/libclang_rt.osx.a]
  collapse library dir [/Library/Developer/CommandLineTools/SDKs/MacOSX13.sdk/usr/lib] ==> [/Library/Developer/CommandLineTools/SDKs/MacOSX13.sdk/usr/lib]
  collapse framework dir [/Library/Developer/CommandLineTools/SDKs/MacOSX13.sdk/System/Library/Frameworks/] ==> [/Library/Developer/CommandLineTools/SDKs/MacOSX13.sdk/System/Library/Frameworks]
  implicit libs: []
  implicit objs: []
  implicit dirs: [/Library/Developer/CommandLineTools/SDKs/MacOSX13.sdk/usr/lib]
  implicit fwks: [/Library/Developer/CommandLineTools/SDKs/MacOSX13.sdk/System/Library/Frameworks]


Detecting CXX compiler ABI info compiled with the following output:
Change Dir: /Users/zuoyifei/Documents/Dev/CMinus/tinyc/build/CMakeFiles/CMakeScratch/TryCompile-HG5Dpj

Run Build Command(s):/usr/bin/make -f Makefile cmTC_0e4bd/fast && /Applications/Xcode.app/Contents/Developer/usr/bin/make  -f CMakeFiles/cmTC_0e4bd.dir/build.make CMakeFiles/cmTC_0e4bd.dir/build
Building CXX object CMakeFiles/cmTC_0e4bd.dir/CMakeCXXCompilerABI.cpp.o
/opt/homebrew/opt/llvm/bin/clang++   -arch arm64 -isysroot /Applications/Xcode.app/Contents/Developer/Platforms/MacOSX.platform/Developer/SDKs/MacOSX13.1.sdk   -v -Wl,-v -MD -MT CMakeFiles/cmTC_0e4bd.dir/CMakeCXXCompilerABI.cpp.o -MF CMakeFiles/cmTC_0e4bd.dir/CMakeCXXCompilerABI.cpp.o.d -o CMakeFiles/cmTC_0e4bd.dir/CMakeCXXCompilerABI.cpp.o -c /opt/homebrew/Cellar/cmake/3.25.1/share/cmake/Modules/CMakeCXXCompilerABI.cpp
Homebrew clang version 15.0.6
Target: arm64-apple-darwin22.2.0
Thread model: posix
InstalledDir: /opt/homebrew/opt/llvm/bin
clang-15: warning: -Wl,-v: 'linker' input unused [-Wunused-command-line-argument]
 (in-process)
 "/opt/homebrew/Cellar/llvm/15.0.6/bin/clang-15" -cc1 -triple arm64-apple-macosx13.0.0 -Wundef-prefix=TARGET_OS_ -Werror=undef-prefix -Wdeprecated-objc-isa-usage -Werror=deprecated-objc-isa-usage -emit-obj -mrelax-all --mrelax-relocations -disable-free -clear-ast-before-backend -disable-llvm-verifier -discard-value-names -main-file-name CMakeCXXCompilerABI.cpp -mrelocation-model pic -pic-level 2 -mframe-pointer=non-leaf -ffp-contract=on -fno-rounding-math -funwind-tables=2 -target-sdk-version=13.1 -fcompatibility-qualified-id-block-type-checking -fvisibility-inlines-hidden-static-local-var -target-cpu apple-m1 -target-feature +v8.5a -target-feature +crc -target-feature +lse -target-feature +rdm -target-feature +crypto -target-feature +dotprod -target-feature +fp-armv8 -target-feature +neon -target-feature +fp16fml -target-feature +ras -target-feature +rcpc -target-feature +zcm -target-feature +zcz -target-feature +fullfp16 -target-feature +sm4 -target-feature +sha3 -target-feature +sha2 -target-feature +aes -target-abi darwinpcs -fallow-half-arguments-and-returns -mllvm -treat-scalable-fixed-error-as-warning -debugger-tuning=lldb -target-linker-version 820.1 -v -fcoverage-compilation-dir=/Users/zuoyifei/Documents/Dev/CMinus/tinyc/build/CMakeFiles/CMakeScratch/TryCompile-HG5Dpj -resource-dir /opt/homebrew/Cellar/llvm/15.0.6/lib/clang/15.0.6 -dependency-file CMakeFiles/cmTC_0e4bd.dir/CMakeCXXCompilerABI.cpp.o.d -MT CMakeFiles/cmTC_0e4bd.dir/CMakeCXXCompilerABI.cpp.o -sys-header-deps -isysroot /Applications/Xcode.app/Contents/Developer/Platforms/MacOSX.platform/Developer/SDKs/MacOSX13.1.sdk -stdlib=libc++ -internal-isystem /opt/homebrew/opt/llvm/bin/../include/c++/v1 -internal-isystem /Applications/Xcode.app/Contents/Developer/Platforms/MacOSX.platform/Developer/SDKs/MacOSX13.1.sdk/usr/local/include -internal-isystem /opt/homebrew/Cellar/llvm/15.0.6/lib/clang/15.0.6/include -internal-externc-isystem /Applications/Xcode.app/Contents/Developer/Platforms/MacOSX.platform/Developer/SDKs/MacOSX13.1.sdk/usr/include -fdeprecated-macro -fdebug-compilation-dir=/Users/zuoyifei/Documents/Dev/CMinus/tinyc/build/CMakeFiles/CMakeScratch/TryCompile-HG5Dpj -ferror-limit 19 -stack-protector 1 -fblocks -fencode-extended-block-signature -fregister-global-dtors-with-atexit -fgnuc-version=4.2.1 -fcxx-exceptions -fexceptions -fmax-type-align=16 -D__GCC_HAVE_DWARF2_CFI_ASM=1 -o CMakeFiles/cmTC_0e4bd.dir/CMakeCXXCompilerABI.cpp.o -x c++ /opt/homebrew/Cellar/cmake/3.25.1/share/cmake/Modules/CMakeCXXCompilerABI.cpp
clang -cc1 version 15.0.6 based upon LLVM 15.0.6 default target arm64-apple-darwin22.2.0
ignoring nonexistent directory "/Applications/Xcode.app/Contents/Developer/Platforms/MacOSX.platform/Developer/SDKs/MacOSX13.1.sdk/usr/local/include"
ignoring nonexistent directory "/Applications/Xcode.app/Contents/Developer/Platforms/MacOSX.platform/Developer/SDKs/MacOSX13.1.sdk/Library/Frameworks"
#include "..." search starts here:
#include <...> search starts here:
 /opt/homebrew/opt/llvm/bin/../include/c++/v1
 /opt/homebrew/Cellar/llvm/15.0.6/lib/clang/15.0.6/include
 /Applications/Xcode.app/Contents/Developer/Platforms/MacOSX.platform/Developer/SDKs/MacOSX13.1.sdk/usr/include
 /Applications/Xcode.app/Contents/Developer/Platforms/MacOSX.platform/Developer/SDKs/MacOSX13.1.sdk/System/Library/Frameworks (framework directory)
End of search list.
Linking CXX executable cmTC_0e4bd
/opt/homebrew/Cellar/cmake/3.25.1/bin/cmake -E cmake_link_script CMakeFiles/cmTC_0e4bd.dir/link.txt --verbose=1
/opt/homebrew/opt/llvm/bin/clang++  -arch arm64 -isysroot /Applications/Xcode.app/Contents/Developer/Platforms/MacOSX.platform/Developer/SDKs/MacOSX13.1.sdk -Wl,-search_paths_first -Wl,-headerpad_max_install_names  -v -Wl,-v CMakeFiles/cmTC_0e4bd.dir/CMakeCXXCompilerABI.cpp.o -o cmTC_0e4bd 
Homebrew clang version 15.0.6
Target: arm64-apple-darwin22.2.0
Thread model: posix
InstalledDir: /opt/homebrew/opt/llvm/bin
 "/usr/bin/ld" -demangle -lto_library /opt/homebrew/Cellar/llvm/15.0.6/lib/libLTO.dylib -dynamic -arch arm64 -platform_version macos 13.0.0 13.1 -syslibroot /Library/Developer/CommandLineTools/SDKs/MacOSX13.sdk -o cmTC_0e4bd -search_paths_first -headerpad_max_install_names -v CMakeFiles/cmTC_0e4bd.dir/CMakeCXXCompilerABI.cpp.o -lc++ -lSystem /opt/homebrew/Cellar/llvm/15.0.6/lib/clang/15.0.6/lib/darwin/libclang_rt.osx.a
@(#)PROGRAM:ld  PROJECT:ld64-820.1
BUILD 20:07:05 Nov  7 2022
configured to support archs: armv6 armv7 armv7s arm64 arm64e arm64_32 i386 x86_64 x86_64h armv6m armv7k armv7m armv7em
Library search paths:
	/Library/Developer/CommandLineTools/SDKs/MacOSX13.sdk/usr/lib
Framework search paths:
	/Library/Developer/CommandLineTools/SDKs/MacOSX13.sdk/System/Library/Frameworks/



Parsed CXX implicit include dir info from above output: rv=done
  found start of include info
  found start of implicit include info
    add: [/opt/homebrew/opt/llvm/bin/../include/c++/v1]
    add: [/opt/homebrew/Cellar/llvm/15.0.6/lib/clang/15.0.6/include]
    add: [/Applications/Xcode.app/Contents/Developer/Platforms/MacOSX.platform/Developer/SDKs/MacOSX13.1.sdk/usr/include]
  end of search list found
  collapse include dir [/opt/homebrew/opt/llvm/bin/../include/c++/v1] ==> [/opt/homebrew/opt/llvm/include/c++/v1]
  collapse include dir [/opt/homebrew/Cellar/llvm/15.0.6/lib/clang/15.0.6/include] ==> [/opt/homebrew/Cellar/llvm/15.0.6/lib/clang/15.0.6/include]
  collapse include dir [/Applications/Xcode.app/Contents/Developer/Platforms/MacOSX.platform/Developer/SDKs/MacOSX13.1.sdk/usr/include] ==> [/Applications/Xcode.app/Contents/Developer/Platforms/MacOSX.platform/Developer/SDKs/MacOSX13.1.sdk/usr/include]
  implicit include dirs: [/opt/homebrew/opt/llvm/include/c++/v1;/opt/homebrew/Cellar/llvm/15.0.6/lib/clang/15.0.6/include;/Applications/Xcode.app/Contents/Developer/Platforms/MacOSX.platform/Developer/SDKs/MacOSX13.1.sdk/usr/include]


Parsed CXX implicit link information from above output:
  link line regex: [^( *|.*[/\])(ld|CMAKE_LINK_STARTFILE-NOTFOUND|([^/\]+-)?ld|collect2)[^/\]*( |$)]
  ignore line: [Change Dir: /Users/zuoyifei/Documents/Dev/CMinus/tinyc/build/CMakeFiles/CMakeScratch/TryCompile-HG5Dpj]
  ignore line: []
  ignore line: [Run Build Command(s):/usr/bin/make -f Makefile cmTC_0e4bd/fast && /Applications/Xcode.app/Contents/Developer/usr/bin/make  -f CMakeFiles/cmTC_0e4bd.dir/build.make CMakeFiles/cmTC_0e4bd.dir/build]
  ignore line: [Building CXX object CMakeFiles/cmTC_0e4bd.dir/CMakeCXXCompilerABI.cpp.o]
  ignore line: [/opt/homebrew/opt/llvm/bin/clang++   -arch arm64 -isysroot /Applications/Xcode.app/Contents/Developer/Platforms/MacOSX.platform/Developer/SDKs/MacOSX13.1.sdk   -v -Wl -v -MD -MT CMakeFiles/cmTC_0e4bd.dir/CMakeCXXCompilerABI.cpp.o -MF CMakeFiles/cmTC_0e4bd.dir/CMakeCXXCompilerABI.cpp.o.d -o CMakeFiles/cmTC_0e4bd.dir/CMakeCXXCompilerABI.cpp.o -c /opt/homebrew/Cellar/cmake/3.25.1/share/cmake/Modules/CMakeCXXCompilerABI.cpp]
  ignore line: [Homebrew clang version 15.0.6]
  ignore line: [Target: arm64-apple-darwin22.2.0]
  ignore line: [Thread model: posix]
  ignore line: [InstalledDir: /opt/homebrew/opt/llvm/bin]
  ignore line: [clang-15: warning: -Wl -v: 'linker' input unused [-Wunused-command-line-argument]]
  ignore line: [ (in-process)]
  ignore line: [ "/opt/homebrew/Cellar/llvm/15.0.6/bin/clang-15" -cc1 -triple arm64-apple-macosx13.0.0 -Wundef-prefix=TARGET_OS_ -Werror=undef-prefix -Wdeprecated-objc-isa-usage -Werror=deprecated-objc-isa-usage -emit-obj -mrelax-all --mrelax-relocations -disable-free -clear-ast-before-backend -disable-llvm-verifier -discard-value-names -main-file-name CMakeCXXCompilerABI.cpp -mrelocation-model pic -pic-level 2 -mframe-pointer=non-leaf -ffp-contract=on -fno-rounding-math -funwind-tables=2 -target-sdk-version=13.1 -fcompatibility-qualified-id-block-type-checking -fvisibility-inlines-hidden-static-local-var -target-cpu apple-m1 -target-feature +v8.5a -target-feature +crc -target-feature +lse -target-feature +rdm -target-feature +crypto -target-feature +dotprod -target-feature +fp-armv8 -target-feature +neon -target-feature +fp16fml -target-feature +ras -target-feature +rcpc -target-feature +zcm -target-feature +zcz -target-feature +fullfp16 -target-feature +sm4 -target-feature +sha3 -target-feature +sha2 -target-feature +aes -target-abi darwinpcs -fallow-half-arguments-and-returns -mllvm -treat-scalable-fixed-error-as-warning -debugger-tuning=lldb -target-linker-version 820.1 -v -fcoverage-compilation-dir=/Users/zuoyifei/Documents/Dev/CMinus/tinyc/build/CMakeFiles/CMakeScratch/TryCompile-HG5Dpj -resource-dir /opt/homebrew/Cellar/llvm/15.0.6/lib/clang/15.0.6 -dependency-file CMakeFiles/cmTC_0e4bd.dir/CMakeCXXCompilerABI.cpp.o.d -MT CMakeFiles/cmTC_0e4bd.dir/CMakeCXXCompilerABI.cpp.o -sys-header-deps -isysroot /Applications/Xcode.app/Contents/Developer/Platforms/MacOSX.platform/Developer/SDKs/MacOSX13.1.sdk -stdlib=libc++ -internal-isystem /opt/homebrew/opt/llvm/bin/../include/c++/v1 -internal-isystem /Applications/Xcode.app/Contents/Developer/Platforms/MacOSX.platform/Developer/SDKs/MacOSX13.1.sdk/usr/local/include -internal-isystem /opt/homebrew/Cellar/llvm/15.0.6/lib/clang/15.0.6/include -internal-externc-isystem /Applications/Xcode.app/Contents/Developer/Platforms/MacOSX.platform/Developer/SDKs/MacOSX13.1.sdk/usr/include -fdeprecated-macro -fdebug-compilation-dir=/Users/zuoyifei/Documents/Dev/CMinus/tinyc/build/CMakeFiles/CMakeScratch/TryCompile-HG5Dpj -ferror-limit 19 -stack-protector 1 -fblocks -fencode-extended-block-signature -fregister-global-dtors-with-atexit -fgnuc-version=4.2.1 -fcxx-exceptions -fexceptions -fmax-type-align=16 -D__GCC_HAVE_DWARF2_CFI_ASM=1 -o CMakeFiles/cmTC_0e4bd.dir/CMakeCXXCompilerABI.cpp.o -x c++ /opt/homebrew/Cellar/cmake/3.25.1/share/cmake/Modules/CMakeCXXCompilerABI.cpp]
  ignore line: [clang -cc1 version 15.0.6 based upon LLVM 15.0.6 default target arm64-apple-darwin22.2.0]
  ignore line: [ignoring nonexistent directory "/Applications/Xcode.app/Contents/Developer/Platforms/MacOSX.platform/Developer/SDKs/MacOSX13.1.sdk/usr/local/include"]
  ignore line: [ignoring nonexistent directory "/Applications/Xcode.app/Contents/Developer/Platforms/MacOSX.platform/Developer/SDKs/MacOSX13.1.sdk/Library/Frameworks"]
  ignore line: [#include "..." search starts here:]
  ignore line: [#include <...> search starts here:]
  ignore line: [ /opt/homebrew/opt/llvm/bin/../include/c++/v1]
  ignore line: [ /opt/homebrew/Cellar/llvm/15.0.6/lib/clang/15.0.6/include]
  ignore line: [ /Applications/Xcode.app/Contents/Developer/Platforms/MacOSX.platform/Developer/SDKs/MacOSX13.1.sdk/usr/include]
  ignore line: [ /Applications/Xcode.app/Contents/Developer/Platforms/MacOSX.platform/Developer/SDKs/MacOSX13.1.sdk/System/Library/Frameworks (framework directory)]
  ignore line: [End of search list.]
  ignore line: [Linking CXX executable cmTC_0e4bd]
  ignore line: [/opt/homebrew/Cellar/cmake/3.25.1/bin/cmake -E cmake_link_script CMakeFiles/cmTC_0e4bd.dir/link.txt --verbose=1]
  ignore line: [/opt/homebrew/opt/llvm/bin/clang++  -arch arm64 -isysroot /Applications/Xcode.app/Contents/Developer/Platforms/MacOSX.platform/Developer/SDKs/MacOSX13.1.sdk -Wl -search_paths_first -Wl -headerpad_max_install_names  -v -Wl -v CMakeFiles/cmTC_0e4bd.dir/CMakeCXXCompilerABI.cpp.o -o cmTC_0e4bd ]
  ignore line: [Homebrew clang version 15.0.6]
  ignore line: [Target: arm64-apple-darwin22.2.0]
  ignore line: [Thread model: posix]
  ignore line: [InstalledDir: /opt/homebrew/opt/llvm/bin]
  link line: [ "/usr/bin/ld" -demangle -lto_library /opt/homebrew/Cellar/llvm/15.0.6/lib/libLTO.dylib -dynamic -arch arm64 -platform_version macos 13.0.0 13.1 -syslibroot /Library/Developer/CommandLineTools/SDKs/MacOSX13.sdk -o cmTC_0e4bd -search_paths_first -headerpad_max_install_names -v CMakeFiles/cmTC_0e4bd.dir/CMakeCXXCompilerABI.cpp.o -lc++ -lSystem /opt/homebrew/Cellar/llvm/15.0.6/lib/clang/15.0.6/lib/darwin/libclang_rt.osx.a]
    arg [/usr/bin/ld] ==> ignore
    arg [-demangle] ==> ignore
    arg [-lto_library] ==> ignore, skip following value
    arg [/opt/homebrew/Cellar/llvm/15.0.6/lib/libLTO.dylib] ==> skip value of -lto_library
    arg [-dynamic] ==> ignore
    arg [-arch] ==> ignore
    arg [arm64] ==> ignore
    arg [-platform_version] ==> ignore
    arg [macos] ==> ignore
    arg [13.0.0] ==> ignore
    arg [13.1] ==> ignore
    arg [-syslibroot] ==> ignore
    arg [/Library/Developer/CommandLineTools/SDKs/MacOSX13.sdk] ==> ignore
    arg [-o] ==> ignore
    arg [cmTC_0e4bd] ==> ignore
    arg [-search_paths_first] ==> ignore
    arg [-headerpad_max_install_names] ==> ignore
    arg [-v] ==> ignore
    arg [CMakeFiles/cmTC_0e4bd.dir/CMakeCXXCompilerABI.cpp.o] ==> ignore
    arg [-lc++] ==> lib [c++]
    arg [-lSystem] ==> lib [System]
    arg [/opt/homebrew/Cellar/llvm/15.0.6/lib/clang/15.0.6/lib/darwin/libclang_rt.osx.a] ==> lib [/opt/homebrew/Cellar/llvm/15.0.6/lib/clang/15.0.6/lib/darwin/libclang_rt.osx.a]
  Library search paths: [;/Library/Developer/CommandLineTools/SDKs/MacOSX13.sdk/usr/lib]
  Framework search paths: [;/Library/Developer/CommandLineTools/SDKs/MacOSX13.sdk/System/Library/Frameworks/]
  remove lib [System]
  remove lib [/opt/homebrew/Cellar/llvm/15.0.6/lib/clang/15.0.6/lib/darwin/libclang_rt.osx.a]
  collapse library dir [/Library/Developer/CommandLineTools/SDKs/MacOSX13.sdk/usr/lib] ==> [/Library/Developer/CommandLineTools/SDKs/MacOSX13.sdk/usr/lib]
  collapse framework dir [/Library/Developer/CommandLineTools/SDKs/MacOSX13.sdk/System/Library/Frameworks/] ==> [/Library/Developer/CommandLineTools/SDKs/MacOSX13.sdk/System/Library/Frameworks]
  implicit libs: [c++]
  implicit objs: []
  implicit dirs: [/Library/Developer/CommandLineTools/SDKs/MacOSX13.sdk/usr/lib]
  implicit fwks: [/Library/Developer/CommandLineTools/SDKs/MacOSX13.sdk/System/Library/Frameworks]


